0 info it worked if it ends with ok
1 verbose cli [ '/usr/local/bin/node', '/usr/local/bin/npm', 'run', 'dev' ]
2 info using npm@3.10.10
3 info using node@v6.12.2
4 verbose run-script [ 'predev', 'dev', 'postdev' ]
5 info lifecycle stock-helper@~predev: stock-helper@
6 silly lifecycle stock-helper@~predev: no script for predev, continuing
7 info lifecycle stock-helper@~dev: stock-helper@
8 verbose lifecycle stock-helper@~dev: unsafe-perm in lifecycle true
9 verbose lifecycle stock-helper@~dev: PATH: /usr/local/lib/node_modules/npm/bin/node-gyp-bin:/Users/dady/web/stock-helper2/node_modules/.bin:/Library/Frameworks/Python.framework/Versions/3.5/bin:/Library/Frameworks/Python.framework/Versions/3.6/bin:/usr/local/bin:/usr/bin:/bin:/usr/sbin:/sbin:/usr/local/aria2/bin:/Applications/MAMP/Library/bin:/usr/local/mysql/bin:/Users/dady/java/apache-maven-3.3.9/bin
10 verbose lifecycle stock-helper@~dev: CWD: /Users/dady/web/stock-helper2
11 silly lifecycle stock-helper@~dev: Args: [ '-c', 'gulp watch' ]
12 silly lifecycle stock-helper@~dev: Returned: code: 1  signal: null
13 info lifecycle stock-helper@~dev: Failed to exec dev script
14 verbose stack Error: stock-helper@ dev: `gulp watch`
14 verbose stack Exit status 1
14 verbose stack     at EventEmitter.<anonymous> (/usr/local/lib/node_modules/npm/lib/utils/lifecycle.js:255:16)
14 verbose stack     at emitTwo (events.js:106:13)
14 verbose stack     at EventEmitter.emit (events.js:191:7)
14 verbose stack     at ChildProcess.<anonymous> (/usr/local/lib/node_modules/npm/lib/utils/spawn.js:40:14)
14 verbose stack     at emitTwo (events.js:106:13)
14 verbose stack     at ChildProcess.emit (events.js:191:7)
14 verbose stack     at maybeClose (internal/child_process.js:920:16)
14 verbose stack     at Process.ChildProcess._handle.onexit (internal/child_process.js:230:5)
15 verbose pkgid stock-helper@
16 verbose cwd /Users/dady/web/stock-helper2
17 error Darwin 17.4.0
18 error argv "/usr/local/bin/node" "/usr/local/bin/npm" "run" "dev"
19 error node v6.12.2
20 error npm  v3.10.10
21 error code ELIFECYCLE
22 error stock-helper@ dev: `gulp watch`
22 error Exit status 1
23 error Failed at the stock-helper@ dev script 'gulp watch'.
23 error Make sure you have the latest version of node.js and npm installed.
23 error If you do, this is most likely a problem with the stock-helper package,
23 error not with npm itself.
23 error Tell the author that this fails on your system:
23 error     gulp watch
23 error You can get information on how to open an issue for this project with:
23 error     npm bugs stock-helper
23 error Or if that isn't available, you can get their info via:
23 error     npm owner ls stock-helper
23 error There is likely additional logging output above.
24 verbose exit [ 1, true ]
